nohup: ignoring input

Collecting usage statistics. To deactivate, set browser.gatherUsageStats to false.


  You can now view your Streamlit app in your browser.

  Local URL: http://localhost:8511
  Network URL: http://169.254.0.21:8511
  External URL: http://34.48.74.172:8511

2025-04-19 18:56:25.629659: I external/local_xla/xla/tsl/cuda/cudart_stub.cc:32] Could not find cuda drivers on your machine, GPU will not be used.
2025-04-19 18:56:25.636924: I external/local_xla/xla/tsl/cuda/cudart_stub.cc:32] Could not find cuda drivers on your machine, GPU will not be used.
2025-04-19 18:56:25.657694: E external/local_xla/xla/stream_executor/cuda/cuda_fft.cc:467] Unable to register cuFFT factory: Attempting to register factory for plugin cuFFT when one has already been registered
WARNING: All log messages before absl::InitializeLog() is called are written to STDERR
E0000 00:00:1745103385.691337   60114 cuda_dnn.cc:8579] Unable to register cuDNN factory: Attempting to register factory for plugin cuDNN when one has already been registered
E0000 00:00:1745103385.701444   60114 cuda_blas.cc:1407] Unable to register cuBLAS factory: Attempting to register factory for plugin cuBLAS when one has already been registered
W0000 00:00:1745103385.730033   60114 computation_placer.cc:177] computation placer already registered. Please check linkage and avoid linking the same target more than once.
W0000 00:00:1745103385.730155   60114 computation_placer.cc:177] computation placer already registered. Please check linkage and avoid linking the same target more than once.
W0000 00:00:1745103385.730167   60114 computation_placer.cc:177] computation placer already registered. Please check linkage and avoid linking the same target more than once.
W0000 00:00:1745103385.730174   60114 computation_placer.cc:177] computation placer already registered. Please check linkage and avoid linking the same target more than once.
2025-04-19 18:56:25.738753: I tensorflow/core/platform/cpu_feature_guard.cc:210] This TensorFlow binary is optimized to use available CPU instructions in performance-critical operations.
To enable the following instructions: AVX2 AVX512F FMA, in other operations, rebuild TensorFlow with the appropriate compiler flags.
2025-04-19 18:56:28.917352: E external/local_xla/xla/stream_executor/cuda/cuda_platform.cc:51] failed call to cuInit: INTERNAL: CUDA error: Failed call to cuInit: UNKNOWN ERROR (303)
/usr/local/lib/python3.10/dist-packages/keras/src/saving/saving_lib.py:757: UserWarning: Skipping variable loading for optimizer 'adam', because it has 14 variables whereas the saved optimizer has 2 variables. 
  saveable.load_own_variables(weights_store.get(inner_path))
/usr/local/lib/python3.10/dist-packages/keras/src/saving/saving_lib.py:757: UserWarning:

Skipping variable loading for optimizer 'adam', because it has 14 variables whereas the saved optimizer has 2 variables. 

/usr/local/lib/python3.10/dist-packages/keras/src/saving/saving_lib.py:757: UserWarning:

Skipping variable loading for optimizer 'adam', because it has 14 variables whereas the saved optimizer has 2 variables. 

/usr/local/lib/python3.10/dist-packages/keras/src/saving/saving_lib.py:757: UserWarning:

Skipping variable loading for optimizer 'adam', because it has 14 variables whereas the saved optimizer has 2 variables. 

/usr/local/lib/python3.10/dist-packages/keras/src/saving/saving_lib.py:757: UserWarning:

Skipping variable loading for optimizer 'adam', because it has 14 variables whereas the saved optimizer has 2 variables. 

Formatted input shape: (201, 10)
Formatted input shape: (201, 10)
Formatted input shape: (201, 10)
Formatted input shape: (201, 10)
Formatted input shape: (201, 10)
Formatted input shape: (201, 10)
Formatted input shape: (201, 10)
Formatted input shape: (201, 10)
  Stopping...
