nohup: ignoring input

Collecting usage statistics. To deactivate, set browser.gatherUsageStats to false.


  You can now view your Streamlit app in your browser.

  Local URL: http://localhost:8506
  Network URL: http://169.254.0.21:8506
  External URL: http://34.48.74.172:8506

/home/ubuntu/migraine_demo/MigraineNew/migraine_prediction_project/migraine_prediction_app_complete/dashboard/mock_comparison_dashboard.py:305: UserWarning: set_ticklabels() should only be used with a fixed number of ticks, i.e. after set_ticks() or using a FixedLocator.
  ax.set_xticklabels(metrics, rotation=45)
/home/ubuntu/migraine_demo/MigraineNew/migraine_prediction_project/migraine_prediction_app_complete/dashboard/mock_comparison_dashboard.py:322: UserWarning: set_ticklabels() should only be used with a fixed number of ticks, i.e. after set_ticks() or using a FixedLocator.
  ax.set_xticklabels(metrics, rotation=45)
/home/ubuntu/migraine_demo/MigraineNew/migraine_prediction_project/migraine_prediction_app_complete/dashboard/mock_comparison_dashboard.py:564: UserWarning: set_ticklabels() should only be used with a fixed number of ticks, i.e. after set_ticks() or using a FixedLocator.
  ax.set_xticklabels([e.capitalize() for e in experts])
/home/ubuntu/migraine_demo/MigraineNew/migraine_prediction_project/migraine_prediction_app_complete/dashboard/mock_comparison_dashboard.py:564: UserWarning: set_ticklabels() should only be used with a fixed number of ticks, i.e. after set_ticks() or using a FixedLocator.
  ax.set_xticklabels([e.capitalize() for e in experts])
/home/ubuntu/migraine_demo/MigraineNew/migraine_prediction_project/migraine_prediction_app_complete/dashboard/mock_comparison_dashboard.py:305: UserWarning: set_ticklabels() should only be used with a fixed number of ticks, i.e. after set_ticks() or using a FixedLocator.
  ax.set_xticklabels(metrics, rotation=45)
/home/ubuntu/migraine_demo/MigraineNew/migraine_prediction_project/migraine_prediction_app_complete/dashboard/mock_comparison_dashboard.py:322: UserWarning: set_ticklabels() should only be used with a fixed number of ticks, i.e. after set_ticks() or using a FixedLocator.
  ax.set_xticklabels(metrics, rotation=45)
/home/ubuntu/migraine_demo/MigraineNew/migraine_prediction_project/migraine_prediction_app_complete/dashboard/mock_comparison_dashboard.py:305: UserWarning: set_ticklabels() should only be used with a fixed number of ticks, i.e. after set_ticks() or using a FixedLocator.
  ax.set_xticklabels(metrics, rotation=45)
/home/ubuntu/migraine_demo/MigraineNew/migraine_prediction_project/migraine_prediction_app_complete/dashboard/mock_comparison_dashboard.py:322: UserWarning: set_ticklabels() should only be used with a fixed number of ticks, i.e. after set_ticks() or using a FixedLocator.
  ax.set_xticklabels(metrics, rotation=45)
/home/ubuntu/migraine_demo/MigraineNew/migraine_prediction_project/migraine_prediction_app_complete/dashboard/mock_comparison_dashboard.py:305: UserWarning: set_ticklabels() should only be used with a fixed number of ticks, i.e. after set_ticks() or using a FixedLocator.
  ax.set_xticklabels(metrics, rotation=45)
/home/ubuntu/migraine_demo/MigraineNew/migraine_prediction_project/migraine_prediction_app_complete/dashboard/mock_comparison_dashboard.py:305: UserWarning: set_ticklabels() should only be used with a fixed number of ticks, i.e. after set_ticks() or using a FixedLocator.
  ax.set_xticklabels(metrics, rotation=45)
/home/ubuntu/migraine_demo/MigraineNew/migraine_prediction_project/migraine_prediction_app_complete/dashboard/mock_comparison_dashboard.py:322: UserWarning: set_ticklabels() should only be used with a fixed number of ticks, i.e. after set_ticks() or using a FixedLocator.
  ax.set_xticklabels(metrics, rotation=45)
  Stopping...
